AssertionError: ncols == 3
Stacktrace:
  [1] read_real_data(finput::String, ngrid::Int64)
    @ ACFlow ~/Working/devel/ACFlow/src/inout.jl:41
  [2] (::ACFlow.var"#read_dispatcher#210"{Bool, Int64, String, String})()
    @ ACFlow ~/Working/devel/ACFlow/src/base.jl:398
  [3] read_data(only_real_part::Bool)
    @ ACFlow ~/Working/devel/ACFlow/src/base.jl:446
  [4] read_data
    @ ~/Working/devel/ACFlow/src/base.jl:391 [inlined]
  [5] (::Main.var"##230".var"#17#18")(btn::Int64, pbase::String, pmaxent::String, pbarrat::String)
    @ Main.var"##230" ~/Working/devel/ACGui/util/acg.jl:506
  [6] process_callback_call(app::Dash.DashApp, callback_id::Symbol, outputs::Vector{JSON3.Object{Base.CodeUnits{UInt8, String}, SubArray{UInt64, 1, Vector{UInt64}, Tuple{UnitRange{Int64}}, true}}}, inputs::JSON3.Array{JSON3.Object, Base.CodeUnits{UInt8, String}, SubArray{UInt64, 1, Vector{UInt64}, Tuple{UnitRange{Int64}}, true}}, state::JSON3.Array{JSON3.Object, Base.CodeUnits{UInt8, String}, SubArray{UInt64, 1, Vector{UInt64}, Tuple{UnitRange{Int64}}, true}})
    @ Dash ~/.julia/packages/Dash/TRtCf/src/handler/processors/callback.jl:41
  [7] #56
    @ ~/.julia/packages/Dash/TRtCf/src/handler/processors/callback.jl:76 [inlined]
  [8] with_context(f::Dash.var"#56#57"{JSON3.Array{JSON3.Object, Base.CodeUnits{UInt8, String}, SubArray{UInt64, 1, Vector{UInt64}, Tuple{UnitRange{Int64}}, true}}, Symbol, JSON3.Array{JSON3.Object, Base.CodeUnits{UInt8, String}, SubArray{UInt64, 1, Vector{UInt64}, Tuple{UnitRange{Int64}}, true}}, Dash.DashApp, Vector{JSON3.Object{Base.CodeUnits{UInt8, String}, SubArray{UInt64, 1, Vector{UInt64}, Tuple{UnitRange{Int64}}, true}}}}, context::Dash.Contexts.TaskContextStorage, item::Dash.Contexts.ContextItem{Dash.CallbackContext})
    @ Dash.Contexts ~/.julia/packages/Dash/TRtCf/src/Contexts/Contexts.jl:45
  [9] with_context(f::Function, context::Dash.Contexts.TaskContextStorage, item::Dash.CallbackContext)
    @ Dash.Contexts ~/.julia/packages/Dash/TRtCf/src/Contexts/Contexts.jl:50
 [10] with_callback_context
    @ ~/.julia/packages/Dash/TRtCf/src/handler/callback_context.jl:25 [inlined]
 [11] process_callback(request::HTTP.Messages.Request, state::Dash.HandlerState)
    @ Dash ~/.julia/packages/Dash/TRtCf/src/handler/processors/callback.jl:75
 [12] try_handle
    @ ~/.julia/packages/Dash/TRtCf/src/HttpHelpers/router.jl:51 [inlined]
 [13] try_handle
    @ ~/.julia/packages/Dash/TRtCf/src/HttpHelpers/router.jl:97 [inlined]
 [14] _handle
    @ ~/.julia/packages/Dash/TRtCf/src/HttpHelpers/router.jl:101 [inlined]
 [15] _handle (repeats 6 times)
    @ ~/.julia/packages/Dash/TRtCf/src/HttpHelpers/router.jl:102 [inlined]
 [16] handle(route_tuple::Tuple{Dash.HttpHelpers.Route{Dash.HttpHelpers.RouteHandler{Dash.HttpHelpers.StaticRoute, typeof(Dash.process_layout)}}, Dash.HttpHelpers.Route{Dash.HttpHelpers.RouteHandler{Dash.HttpHelpers.StaticRoute, typeof(Dash.process_dependencies)}}, Dash.HttpHelpers.Route{Dash.HttpHelpers.RouteHandler{Dash.HttpHelpers.StaticRoute, typeof(Dash.process_reload_hash)}}, Dash.HttpHelpers.Route{Dash.HttpHelpers.RouteHandler{Dash.HttpHelpers.StaticRoute, typeof(Dash.process_default_favicon)}}, Dash.HttpHelpers.Route{Dash.HttpHelpers.RouteHandler{Dash.HttpHelpers.DynamicRoute{Tuple{Tuple{Int64, String}}, @NamedTuple{path::Int64, namespace::Int64}}, typeof(Dash.process_resource)}}, Dash.HttpHelpers.Route{Dash.HttpHelpers.RouteHandler{Dash.HttpHelpers.DynamicRoute{Tuple{Tuple{Int64, String}}, @NamedTuple{file_path::Int64}}, typeof(Dash.process_assets)}}, Dash.HttpHelpers.Route{Dash.HttpHelpers.RouteHandler{Dash.HttpHelpers.StaticRoute, typeof(Dash.process_callback)}}, Dash.HttpHelpers.Route{Dash.HttpHelpers.RouteHandler{Dash.HttpHelpers.DynamicRoute{Tuple{}, @NamedTuple{}}, typeof(Dash.process_index)}}, Dash.HttpHelpers.Route{Dash.HttpHelpers.RouteHandler{Dash.HttpHelpers.StaticRoute, typeof(Dash.process_index)}}}, path::SubString{String}, request::HTTP.Messages.Request, args::Dash.HandlerState)
    @ Dash.HttpHelpers ~/.julia/packages/Dash/TRtCf/src/HttpHelpers/router.jl:112
 [17] handle(router::Dash.HttpHelpers.Router, request::HTTP.Messages.Request, args::Dash.HandlerState)
    @ Dash.HttpHelpers ~/.julia/packages/Dash/TRtCf/src/HttpHelpers/router.jl:129
 [18] (::Dash.HttpHelpers.var"#1#2"{Dash.HttpHelpers.Router, Dash.HandlerState})(::HTTP.Messages.Request)
    @ Dash.HttpHelpers ~/.julia/packages/Dash/TRtCf/src/HttpHelpers/handlers.jl:25
 [19] (::Dash.HttpHelpers.RequestHandlerFunction)(args::HTTP.Messages.Request)
    @ Dash.HttpHelpers ~/.julia/packages/Dash/TRtCf/src/HttpHelpers/handlers.jl:4
 [20] handle
    @ ~/.julia/packages/Dash/TRtCf/src/HttpHelpers/handlers.jl:7 [inlined]
 [21] (::Dash.HttpHelpers.var"#7#8"{Dash.var"#67#69"{Dash.DashApp}, Dash.HttpHelpers.RequestHandlerFunction})(::HTTP.Messages.Request)
    @ Dash.HttpHelpers ~/.julia/packages/Dash/TRtCf/src/HttpHelpers/handlers.jl:69
 [22] (::Dash.HttpHelpers.RequestHandlerFunction)(args::HTTP.Messages.Request)
    @ Dash.HttpHelpers ~/.julia/packages/Dash/TRtCf/src/HttpHelpers/handlers.jl:4
 [23] handle
    @ ~/.julia/packages/Dash/TRtCf/src/HttpHelpers/handlers.jl:7 [inlined]
 [24] (::Dash.HttpHelpers.var"#4#5"{Vector{String}, Int64, Dash.HttpHelpers.RequestHandlerFunction})(::HTTP.Messages.Request)
    @ Dash.HttpHelpers ~/.julia/packages/Dash/TRtCf/src/HttpHelpers/handlers.jl:48
 [25] (::Dash.HttpHelpers.RequestHandlerFunction)(args::HTTP.Messages.Request)
    @ Dash.HttpHelpers ~/.julia/packages/Dash/TRtCf/src/HttpHelpers/handlers.jl:4
 [26] (::HTTP.Handlers.var"#1#2"{Dash.HttpHelpers.RequestHandlerFunction})(stream::HTTP.Streams.Stream{HTTP.Messages.Request, HTTP.Connections.Connection{Sockets.TCPSocket}})
    @ HTTP.Handlers ~/.julia/packages/HTTP/sJD5V/src/Handlers.jl:58
 [27] #invokelatest#2
    @ ./essentials.jl:1054 [inlined]
 [28] invokelatest
    @ ./essentials.jl:1051 [inlined]
 [29] handle_connection(f::Function, c::HTTP.Connections.Connection{Sockets.TCPSocket}, listener::HTTP.Servers.Listener{Nothing, Sockets.TCPServer}, readtimeout::Int64, access_log::Nothing)
    @ HTTP.Servers ~/.julia/packages/HTTP/sJD5V/src/Servers.jl:469
 [30] (::HTTP.Servers.var"#16#17"{HTTP.Handlers.var"#1#2"{Dash.HttpHelpers.RequestHandlerFunction}, HTTP.Servers.Listener{Nothing, Sockets.TCPServer}, Set{HTTP.Connections.Connection}, Int64, Nothing, ReentrantLock, Base.Semaphore, HTTP.Connections.Connection{Sockets.TCPSocket}})()
    @ HTTP.Servers ~/.julia/packages/HTTP/sJD5V/src/Servers.jl:401
